
 Volume in drive C has no label
 Volume Serial Number is 16E5-786A
 Directory of C:\D3B\INCLUDE

.            <DIR>     09-24-91   2:41p
..           <DIR>     09-24-91   2:41p
TYPEDEFS H        6997 03-27-90  12:06p
PROTOS   H        2137 03-29-90  11:37p
TABLES   H        2582 05-10-89   1:39a
COMMANDS H        3842 04-04-90  10:55p
RAGSTRS  H        6737 03-21-90   3:00a
ENUMS    H        4050 04-04-90  10:51p
D3       H         370 01-30-90   2:43a
DISPVARS H        4388 08-25-89  11:37p
GLOBALS  H        2925 07-30-90  11:43a
SCRNS    H         143 01-17-90  12:18a
MAXES    H        3803 04-11-90   1:25p
USERVARS H       13361 07-30-90  11:42a
ALIASES  H        3652 06-10-91  11:55p
INCLUDE  OUT         0 09-19-91   1:52p
       16 file(s)      54987 bytes
                    44277760 bytes free
